<?xml version="1.0" encoding="UTF-8"?>
<!-- Generated by org.testng.reporters.JUnitReportReporter -->
<testsuite hostname="LAPTOP-JPRJLK96" failures="0" tests="1" name="web.tests.homePageTest.HomePageTest" time="15.301" errors="0" timestamp="2025-05-23T14:22:46 IST" skipped="0">
  <testcase classname="web.tests.homePageTest.HomePageTest" name="Test1" time="15.301"/>
</testsuite> <!-- web.tests.homePageTest.HomePageTest -->
